<?xml version="1.0" encoding="UTF-8"?>
<testsuite name="com.rest.oauth2.domain.passwordTest" tests="1" skipped="0" failures="0" errors="0" timestamp="2020-01-14T06:47:18" hostname="DESKTOP-51GQ5V2" time="0.402">
  <properties/>
  <testcase name="비밀번호_암호화" classname="com.rest.oauth2.domain.passwordTest" time="0.402"/>
  <system-out><![CDATA[암호 === $2a$10$7JWjxBtPyPos1DkWKa/0Lep/zzXGV3elNtNj.kW5HH3P5tu7qaikG
]]></system-out>
  <system-err><![CDATA[]]></system-err>
</testsuite>
